16:34:19 **** Clean-only build of configuration Debug for project four_lwip_dhcp_bm ****
make -r -j16 clean 
rm -rf ./utilities/fsl_assert.d ./utilities/fsl_assert.o ./utilities/fsl_debug_console.d ./utilities/fsl_debug_console.o ./utilities/fsl_memcpy.o ./utilities/fsl_str.d ./utilities/fsl_str.o
rm -rf ./startup/boot_multicore_slave.d ./startup/boot_multicore_slave.o ./startup/startup_mcxn947_cm33_core0.d ./startup/startup_mcxn947_cm33_core0.o
rm -rf ./source/lwip_dhcp_bm.d ./source/lwip_dhcp_bm.o ./source/semihost_hardfault.d ./source/semihost_hardfault.o
rm -rf ./phy/fsl_phylan8741.d ./phy/fsl_phylan8741.o
rm -rf ./lwip/src/netif/ppp/auth.d ./lwip/src/netif/ppp/auth.o ./lwip/src/netif/ppp/ccp.d ./lwip/src/netif/ppp/ccp.o ./lwip/src/netif/ppp/chap-md5.d ./lwip/src/netif/ppp/chap-md5.o ./lwip/src/netif/ppp/chap-new.d ./lwip/src/netif/ppp/chap-new.o ./lwip/src/netif/ppp/chap_ms.d ./lwip/src/netif/ppp/chap_ms.o ./lwip/src/netif/ppp/demand.d ./lwip/src/netif/ppp/demand.o ./lwip/src/netif/ppp/eap.d ./lwip/src/netif/ppp/eap.o ./lwip/src/netif/ppp/ecp.d ./lwip/src/netif/ppp/ecp.o ./lwip/src/netif/ppp/eui64.d ./lwip/src/netif/ppp/eui64.o ./lwip/src/netif/ppp/fsm.d ./lwip/src/netif/ppp/fsm.o ./lwip/src/netif/ppp/ipcp.d ./lwip/src/netif/ppp/ipcp.o ./lwip/src/netif/ppp/ipv6cp.d ./lwip/src/netif/ppp/ipv6cp.o ./lwip/src/netif/ppp/lcp.d ./lwip/src/netif/ppp/lcp.o ./lwip/src/netif/ppp/magic.d ./lwip/src/netif/ppp/magic.o ./lwip/src/netif/ppp/mppe.d ./lwip/src/netif/ppp/mppe.o ./lwip/src/netif/ppp/multilink.d ./lwip/src/netif/ppp/multilink.o ./lwip/src/netif/ppp/ppp.d ./lwip/src/netif/ppp/ppp.o ./lwip/src/netif/ppp/pppapi.d ./lwip/src/netif/ppp/pppapi.o ./lwip/src/netif/ppp/pppcrypt.d ./lwip/src/netif/ppp/pppcrypt.o ./lwip/src/netif/ppp/pppoe.d ./lwip/src/netif/ppp/pppoe.o ./lwip/src/netif/ppp/pppol2tp.d ./lwip/src/netif/ppp/pppol2tp.o ./lwip/src/netif/ppp/pppos.d ./lwip/src/netif/ppp/pppos.o ./lwip/src/netif/ppp/upap.d ./lwip/src/netif/ppp/upap.o ./lwip/src/netif/ppp/utils.d ./lwip/src/netif/ppp/utils.o ./lwip/src/netif/ppp/vj.d ./lwip/src/netif/ppp/vj.o
rm -rf ./lwip/src/netif/bridgeif.d ./lwip/src/netif/bridgeif.o ./lwip/src/netif/bridgeif_fdb.d ./lwip/src/netif/bridgeif_fdb.o ./lwip/src/netif/ethernet.d ./lwip/src/netif/ethernet.o ./lwip/src/netif/lowpan6.d ./lwip/src/netif/lowpan6.o ./lwip/src/netif/lowpan6_ble.d ./lwip/src/netif/lowpan6_ble.o ./lwip/src/netif/lowpan6_common.d ./lwip/src/netif/lowpan6_common.o ./lwip/src/netif/slipif.d ./lwip/src/netif/slipif.o ./lwip/src/netif/zepif.d ./lwip/src/netif/zepif.o
rm -rf ./lwip/src/core/ipv6/dhcp6.d ./lwip/src/core/ipv6/dhcp6.o ./lwip/src/core/ipv6/ethip6.d ./lwip/src/core/ipv6/ethip6.o ./lwip/src/core/ipv6/icmp6.d ./lwip/src/core/ipv6/icmp6.o ./lwip/src/core/ipv6/inet6.d ./lwip/src/core/ipv6/inet6.o ./lwip/src/core/ipv6/ip6.d ./lwip/src/core/ipv6/ip6.o ./lwip/src/core/ipv6/ip6_addr.d ./lwip/src/core/ipv6/ip6_addr.o ./lwip/src/core/ipv6/ip6_frag.d ./lwip/src/core/ipv6/ip6_frag.o ./lwip/src/core/ipv6/mld6.d ./lwip/src/core/ipv6/mld6.o ./lwip/src/core/ipv6/nd6.d ./lwip/src/core/ipv6/nd6.o
rm -rf ./lwip/src/core/ipv4/acd.d ./lwip/src/core/ipv4/acd.o ./lwip/src/core/ipv4/autoip.d ./lwip/src/core/ipv4/autoip.o ./lwip/src/core/ipv4/dhcp.d ./lwip/src/core/ipv4/dhcp.o ./lwip/src/core/ipv4/etharp.d ./lwip/src/core/ipv4/etharp.o ./lwip/src/core/ipv4/icmp.d ./lwip/src/core/ipv4/icmp.o ./lwip/src/core/ipv4/igmp.d ./lwip/src/core/ipv4/igmp.o ./lwip/src/core/ipv4/ip4.d ./lwip/src/core/ipv4/ip4.o ./lwip/src/core/ipv4/ip4_addr.d ./lwip/src/core/ipv4/ip4_addr.o ./lwip/src/core/ipv4/ip4_frag.d ./lwip/src/core/ipv4/ip4_frag.o
rm -rf ./lwip/src/core/altcp.d ./lwip/src/core/altcp.o ./lwip/src/core/altcp_alloc.d ./lwip/src/core/altcp_alloc.o ./lwip/src/core/altcp_tcp.d ./lwip/src/core/altcp_tcp.o ./lwip/src/core/def.d ./lwip/src/core/def.o ./lwip/src/core/dns.d ./lwip/src/core/dns.o ./lwip/src/core/inet_chksum.d ./lwip/src/core/inet_chksum.o ./lwip/src/core/init.d ./lwip/src/core/init.o ./lwip/src/core/ip.d ./lwip/src/core/ip.o ./lwip/src/core/mem.d ./lwip/src/core/mem.o ./lwip/src/core/memp.d ./lwip/src/core/memp.o ./lwip/src/core/netif.d ./lwip/src/core/netif.o ./lwip/src/core/pbuf.d ./lwip/src/core/pbuf.o ./lwip/src/core/raw.d ./lwip/src/core/raw.o ./lwip/src/core/stats.d ./lwip/src/core/stats.o ./lwip/src/core/sys.d ./lwip/src/core/sys.o ./lwip/src/core/tcp.d ./lwip/src/core/tcp.o ./lwip/src/core/tcp_in.d ./lwip/src/core/tcp_in.o ./lwip/src/core/tcp_out.d ./lwip/src/core/tcp_out.o ./lwip/src/core/timeouts.d ./lwip/src/core/timeouts.o ./lwip/src/core/udp.d ./lwip/src/core/udp.o
rm -rf ./lwip/src/api/api_lib.d ./lwip/src/api/api_lib.o ./lwip/src/api/api_msg.d ./lwip/src/api/api_msg.o ./lwip/src/api/err.d ./lwip/src/api/err.o ./lwip/src/api/if_api.d ./lwip/src/api/if_api.o ./lwip/src/api/netbuf.d ./lwip/src/api/netbuf.o ./lwip/src/api/netdb.d ./lwip/src/api/netdb.o ./lwip/src/api/netifapi.d ./lwip/src/api/netifapi.o ./lwip/src/api/sockets.d ./lwip/src/api/sockets.o ./lwip/src/api/tcpip.d ./lwip/src/api/tcpip.o
rm -rf ./lwip/port/enet_ethernetif.d ./lwip/port/enet_ethernetif.o ./lwip/port/enet_ethernetif_lpc.d ./lwip/port/enet_ethernetif_lpc.o ./lwip/port/ethernetif.d ./lwip/port/ethernetif.o ./lwip/port/ethernetif_mmac.d ./lwip/port/ethernetif_mmac.o ./lwip/port/sys_arch.d ./lwip/port/sys_arch.o
rm -rf ./drivers/flash/src/fsl_flash.d ./drivers/flash/src/fsl_flash.o
rm -rf ./drivers/fsl_clock.d ./drivers/fsl_clock.o ./drivers/fsl_common.d ./drivers/fsl_common.o ./drivers/fsl_common_arm.d ./drivers/fsl_common_arm.o ./drivers/fsl_enet.d ./drivers/fsl_enet.o ./drivers/fsl_gpio.d ./drivers/fsl_gpio.o ./drivers/fsl_i3c.d ./drivers/fsl_i3c.o ./drivers/fsl_inputmux.d ./drivers/fsl_inputmux.o ./drivers/fsl_lpflexcomm.d ./drivers/fsl_lpflexcomm.o ./drivers/fsl_lpuart.d ./drivers/fsl_lpuart.o ./drivers/fsl_power.d ./drivers/fsl_power.o ./drivers/fsl_reset.d ./drivers/fsl_reset.o ./drivers/fsl_spc.d ./drivers/fsl_spc.o
rm -rf ./device/system_MCXN947_cm33_core0.d ./device/system_MCXN947_cm33_core0.o
rm -rf ./component/uart/fsl_adapter_lpuart.d ./component/uart/fsl_adapter_lpuart.o
rm -rf ./component/silicon_id/fsl_silicon_id.d ./component/silicon_id/fsl_silicon_id.o
rm -rf ./component/p3t1755/fsl_p3t1755.d ./component/p3t1755/fsl_p3t1755.o
rm -rf ./component/lists/fsl_component_generic_list.d ./component/lists/fsl_component_generic_list.o
rm -rf ./component/gpio/fsl_adapter_gpio.d ./component/gpio/fsl_adapter_gpio.o
rm -rf ./board/board.d ./board/board.o ./board/clock_config.d ./board/clock_config.o ./board/pin_mux.d ./board/pin_mux.o
rm -rf ./HARDWARE/tcpecho.d ./HARDWARE/tcpecho.o
rm -rf four_lwip_dhcp_bm.axf
 

16:34:19 Build Finished. 0 errors, 0 warnings. (took 287ms)

