16:23:44 **** Build of configuration Debug for project one2 ****
make -r -j16 all 
Building file: ../utilities/fsl_assert.c
Building file: ../utilities/fsl_debug_console.c
Building file: ../utilities/fsl_str.c
Invoking: MCU C Compiler
Invoking: MCU C Compiler
arm-none-eabi-gcc -D__REDLIB__ -DCPU_MCXN947VDF -DCPU_MCXN947VDF_cm33 -DCPU_MCXN947VDF_cm33_core0 -DSDK_OS_BAREMETAL -DSERIAL_PORT_TYPE_UART=1 -DSDK_DEBUGCONSOLE=1 -DCR_INTEGER_PRINTF -DPRINTF_FLOAT_ENABLE=0 -D__MCUXPRESSO -D__USE_CMSIS -DDEBUG -DLWIP_DISABLE_PBUF_POOL_SIZE_SANITY_CHECKS=1 -I"F:\ku\MCUXpresso\program\ying_he\funpack3_4\try\one2\board" -I"F:\ku\MCUXpresso\program\ying_he\funpack3_4\try\one2\drivers" -I"F:\ku\MCUXpresso\program\ying_he\funpack3_4\try\one2\device" -I"F:\ku\MCUXpresso\program\ying_he\funpack3_4\try\one2\utilities" -I"F:\ku\MCUXpresso\program\ying_he\funpack3_4\try\one2\CMSIS" -I"F:\ku\MCUXpresso\program\ying_he\funpack3_4\try\one2\startup" -I"F:\ku\MCUXpresso\program\ying_he\funpack3_4\try\one2\lwip\port" -I"F:\ku\MCUXpresso\program\ying_he\funpack3_4\try\one2\lwip\src" -I"F:\ku\MCUXpresso\program\ying_he\funpack3_4\try\one2\lwip\src\include" -I"F:\ku\MCUXpresso\program\ying_he\funpack3_4\try\one2\lwip\template" -I"F:\ku\MCUXpresso\program\ying_he\funpack3_4\try\one2\source" -I"F:\ku\MCUXpresso\program\ying_he\funpack3_4\try\one\HARDWARE" -O0 -fno-common -g3 -gdwarf-4 -Wall -c -ffunction-sections -fdata-sections -ffreestanding -fno-builtin -fmerge-constants -fmacro-prefix-map="../utilities/"= -mcpu=cortex-m33 -mfpu=fpv5-sp-d16 -mfloat-abi=hard -mthumb -D__REDLIB__ -fstack-usage -specs=redlib.specs -MMD -MP -MF"utilities/fsl_assert.d" -MT"utilities/fsl_assert.o" -MT"utilities/fsl_assert.d" -o "utilities/fsl_assert.o" "../utilities/fsl_assert.c"
Invoking: MCU C Compiler
arm-none-eabi-gcc -D__REDLIB__ -DCPU_MCXN947VDF -DCPU_MCXN947VDF_cm33 -DCPU_MCXN947VDF_cm33_core0 -DSDK_OS_BAREMETAL -DSERIAL_PORT_TYPE_UART=1 -DSDK_DEBUGCONSOLE=1 -DCR_INTEGER_PRINTF -DPRINTF_FLOAT_ENABLE=0 -D__MCUXPRESSO -D__USE_CMSIS -DDEBUG -DLWIP_DISABLE_PBUF_POOL_SIZE_SANITY_CHECKS=1 -I"F:\ku\MCUXpresso\program\ying_he\funpack3_4\try\one2\board" -I"F:\ku\MCUXpresso\program\ying_he\funpack3_4\try\one2\drivers" -I"F:\ku\MCUXpresso\program\ying_he\funpack3_4\try\one2\device" -I"F:\ku\MCUXpresso\program\ying_he\funpack3_4\try\one2\utilities" -I"F:\ku\MCUXpresso\program\ying_he\funpack3_4\try\one2\CMSIS" -I"F:\ku\MCUXpresso\program\ying_he\funpack3_4\try\one2\startup" -I"F:\ku\MCUXpresso\program\ying_he\funpack3_4\try\one2\lwip\port" -I"F:\ku\MCUXpresso\program\ying_he\funpack3_4\try\one2\lwip\src" -I"F:\ku\MCUXpresso\program\ying_he\funpack3_4\try\one2\lwip\src\include" -I"F:\ku\MCUXpresso\program\ying_he\funpack3_4\try\one2\lwip\template" -I"F:\ku\MCUXpresso\program\ying_he\funpack3_4\try\one2\source" -I"F:\ku\MCUXpresso\program\ying_he\funpack3_4\try\one\HARDWARE" -O0 -fno-common -g3 -gdwarf-4 -Wall -c -ffunction-sections -fdata-sections -ffreestanding -fno-builtin -fmerge-constants -fmacro-prefix-map="../utilities/"= -mcpu=cortex-m33 -mfpu=fpv5-sp-d16 -mfloat-abi=hard -mthumb -D__REDLIB__ -fstack-usage -specs=redlib.specs -MMD -MP -MF"utilities/fsl_debug_console.d" -MT"utilities/fsl_debug_console.o" -MT"utilities/fsl_debug_console.d" -o "utilities/fsl_debug_console.o" "../utilities/fsl_debug_console.c"
arm-none-eabi-gcc -D__REDLIB__ -DCPU_MCXN947VDF -DCPU_MCXN947VDF_cm33 -DCPU_MCXN947VDF_cm33_core0 -DSDK_OS_BAREMETAL -DSERIAL_PORT_TYPE_UART=1 -DSDK_DEBUGCONSOLE=1 -DCR_INTEGER_PRINTF -DPRINTF_FLOAT_ENABLE=0 -D__MCUXPRESSO -D__USE_CMSIS -DDEBUG -DLWIP_DISABLE_PBUF_POOL_SIZE_SANITY_CHECKS=1 -I"F:\ku\MCUXpresso\program\ying_he\funpack3_4\try\one2\board" -I"F:\ku\MCUXpresso\program\ying_he\funpack3_4\try\one2\drivers" -I"F:\ku\MCUXpresso\program\ying_he\funpack3_4\try\one2\device" -I"F:\ku\MCUXpresso\program\ying_he\funpack3_4\try\one2\utilities" -I"F:\ku\MCUXpresso\program\ying_he\funpack3_4\try\one2\CMSIS" -I"F:\ku\MCUXpresso\program\ying_he\funpack3_4\try\one2\startup" -I"F:\ku\MCUXpresso\program\ying_he\funpack3_4\try\one2\lwip\port" -I"F:\ku\MCUXpresso\program\ying_he\funpack3_4\try\one2\lwip\src" -I"F:\ku\MCUXpresso\program\ying_he\funpack3_4\try\one2\lwip\src\include" -I"F:\ku\MCUXpresso\program\ying_he\funpack3_4\try\one2\lwip\template" -I"F:\ku\MCUXpresso\program\ying_he\funpack3_4\try\one2\source" -I"F:\ku\MCUXpresso\program\ying_he\funpack3_4\try\one\HARDWARE" -O0 -fno-common -g3 -gdwarf-4 -Wall -c -ffunction-sections -fdata-sections -ffreestanding -fno-builtin -fmerge-constants -fmacro-prefix-map="../utilities/"= -mcpu=cortex-m33 -mfpu=fpv5-sp-d16 -mfloat-abi=hard -mthumb -D__REDLIB__ -fstack-usage -specs=redlib.specs -MMD -MP -MF"utilities/fsl_str.d" -MT"utilities/fsl_str.o" -MT"utilities/fsl_str.d" -o "utilities/fsl_str.o" "../utilities/fsl_str.c"
Building file: ../startup/boot_multicore_slave.c
Building file: ../startup/startup_mcxn947_cm33_core0.c
Building file: ../source/one.c
Invoking: MCU C Compiler
arm-none-eabi-gcc -D__REDLIB__ -DCPU_MCXN947VDF -DCPU_MCXN947VDF_cm33 -DCPU_MCXN947VDF_cm33_core0 -DSDK_OS_BAREMETAL -DSERIAL_PORT_TYPE_UART=1 -DSDK_DEBUGCONSOLE=1 -DCR_INTEGER_PRINTF -DPRINTF_FLOAT_ENABLE=0 -D__MCUXPRESSO -D__USE_CMSIS -DDEBUG -DLWIP_DISABLE_PBUF_POOL_SIZE_SANITY_CHECKS=1 -I"F:\ku\MCUXpresso\program\ying_he\funpack3_4\try\one2\board" -I"F:\ku\MCUXpresso\program\ying_he\funpack3_4\try\one2\drivers" -I"F:\ku\MCUXpresso\program\ying_he\funpack3_4\try\one2\device" -I"F:\ku\MCUXpresso\program\ying_he\funpack3_4\try\one2\utilities" -I"F:\ku\MCUXpresso\program\ying_he\funpack3_4\try\one2\CMSIS" -I"F:\ku\MCUXpresso\program\ying_he\funpack3_4\try\one2\startup" -I"F:\ku\MCUXpresso\program\ying_he\funpack3_4\try\one2\lwip\port" -I"F:\ku\MCUXpresso\program\ying_he\funpack3_4\try\one2\lwip\src" -I"F:\ku\MCUXpresso\program\ying_he\funpack3_4\try\one2\lwip\src\include" -I"F:\ku\MCUXpresso\program\ying_he\funpack3_4\try\one2\lwip\template" -I"F:\ku\MCUXpresso\program\ying_he\funpack3_4\try\one2\source" -I"F:\ku\MCUXpresso\program\ying_he\funpack3_4\try\one\HARDWARE" -O0 -fno-common -g3 -gdwarf-4 -Wall -c -ffunction-sections -fdata-sections -ffreestanding -fno-builtin -fmerge-constants -fmacro-prefix-map="../startup/"= -mcpu=cortex-m33 -mfpu=fpv5-sp-d16 -mfloat-abi=hard -mthumb -D__REDLIB__ -fstack-usage -specs=redlib.specs -MMD -MP -MF"startup/boot_multicore_slave.d" -MT"startup/boot_multicore_slave.o" -MT"startup/boot_multicore_slave.d" -o "startup/boot_multicore_slave.o" "../startup/boot_multicore_slave.c"
Invoking: MCU C Compiler
arm-none-eabi-gcc -D__REDLIB__ -DCPU_MCXN947VDF -DCPU_MCXN947VDF_cm33 -DCPU_MCXN947VDF_cm33_core0 -DSDK_OS_BAREMETAL -DSERIAL_PORT_TYPE_UART=1 -DSDK_DEBUGCONSOLE=1 -DCR_INTEGER_PRINTF -DPRINTF_FLOAT_ENABLE=0 -D__MCUXPRESSO -D__USE_CMSIS -DDEBUG -DLWIP_DISABLE_PBUF_POOL_SIZE_SANITY_CHECKS=1 -I"F:\ku\MCUXpresso\program\ying_he\funpack3_4\try\one2\board" -I"F:\ku\MCUXpresso\program\ying_he\funpack3_4\try\one2\drivers" -I"F:\ku\MCUXpresso\program\ying_he\funpack3_4\try\one2\device" -I"F:\ku\MCUXpresso\program\ying_he\funpack3_4\try\one2\utilities" -I"F:\ku\MCUXpresso\program\ying_he\funpack3_4\try\one2\CMSIS" -I"F:\ku\MCUXpresso\program\ying_he\funpack3_4\try\one2\startup" -I"F:\ku\MCUXpresso\program\ying_he\funpack3_4\try\one2\lwip\port" -I"F:\ku\MCUXpresso\program\ying_he\funpack3_4\try\one2\lwip\src" -I"F:\ku\MCUXpresso\program\ying_he\funpack3_4\try\one2\lwip\src\include" -I"F:\ku\MCUXpresso\program\ying_he\funpack3_4\try\one2\lwip\template" -I"F:\ku\MCUXpresso\program\ying_he\funpack3_4\try\one2\source" -I"F:\ku\MCUXpresso\program\ying_he\funpack3_4\try\one\HARDWARE" -O0 -fno-common -g3 -gdwarf-4 -Wall -c -ffunction-sections -fdata-sections -ffreestanding -fno-builtin -fmerge-constants -fmacro-prefix-map="../startup/"= -mcpu=cortex-m33 -mfpu=fpv5-sp-d16 -mfloat-abi=hard -mthumb -D__REDLIB__ -fstack-usage -specs=redlib.specs -MMD -MP -MF"startup/startup_mcxn947_cm33_core0.d" -MT"startup/startup_mcxn947_cm33_core0.o" -MT"startup/startup_mcxn947_cm33_core0.d" -o "startup/startup_mcxn947_cm33_core0.o" "../startup/startup_mcxn947_cm33_core0.c"
Invoking: MCU C Compiler
arm-none-eabi-gcc -D__REDLIB__ -DCPU_MCXN947VDF -DCPU_MCXN947VDF_cm33 -DCPU_MCXN947VDF_cm33_core0 -DSDK_OS_BAREMETAL -DSERIAL_PORT_TYPE_UART=1 -DSDK_DEBUGCONSOLE=1 -DCR_INTEGER_PRINTF -DPRINTF_FLOAT_ENABLE=0 -D__MCUXPRESSO -D__USE_CMSIS -DDEBUG -DLWIP_DISABLE_PBUF_POOL_SIZE_SANITY_CHECKS=1 -I"F:\ku\MCUXpresso\program\ying_he\funpack3_4\try\one2\board" -I"F:\ku\MCUXpresso\program\ying_he\funpack3_4\try\one2\drivers" -I"F:\ku\MCUXpresso\program\ying_he\funpack3_4\try\one2\device" -I"F:\ku\MCUXpresso\program\ying_he\funpack3_4\try\one2\utilities" -I"F:\ku\MCUXpresso\program\ying_he\funpack3_4\try\one2\CMSIS" -I"F:\ku\MCUXpresso\program\ying_he\funpack3_4\try\one2\startup" -I"F:\ku\MCUXpresso\program\ying_he\funpack3_4\try\one2\lwip\port" -I"F:\ku\MCUXpresso\program\ying_he\funpack3_4\try\one2\lwip\src" -I"F:\ku\MCUXpresso\program\ying_he\funpack3_4\try\one2\lwip\src\include" -I"F:\ku\MCUXpresso\program\ying_he\funpack3_4\try\one2\lwip\template" -I"F:\ku\MCUXpresso\program\ying_he\funpack3_4\try\one2\source" -I"F:\ku\MCUXpresso\program\ying_he\funpack3_4\try\one\HARDWARE" -O0 -fno-common -g3 -gdwarf-4 -Wall -c -ffunction-sections -fdata-sections -ffreestanding -fno-builtin -fmerge-constants -fmacro-prefix-map="../source/"= -mcpu=cortex-m33 -mfpu=fpv5-sp-d16 -mfloat-abi=hard -mthumb -D__REDLIB__ -fstack-usage -specs=redlib.specs -MMD -MP -MF"source/one.d" -MT"source/one.o" -MT"source/one.d" -o "source/one.o" "../source/one.c"
Building file: ../source/semihost_hardfault.c
Building file: ../lwip/src/netif/ppp/auth.c
Building file: ../lwip/src/netif/ppp/ccp.c
Invoking: MCU C Compiler
arm-none-eabi-gcc -D__REDLIB__ -DCPU_MCXN947VDF -DCPU_MCXN947VDF_cm33 -DCPU_MCXN947VDF_cm33_core0 -DSDK_OS_BAREMETAL -DSERIAL_PORT_TYPE_UART=1 -DSDK_DEBUGCONSOLE=1 -DCR_INTEGER_PRINTF -DPRINTF_FLOAT_ENABLE=0 -D__MCUXPRESSO -D__USE_CMSIS -DDEBUG -DLWIP_DISABLE_PBUF_POOL_SIZE_SANITY_CHECKS=1 -I"F:\ku\MCUXpresso\program\ying_he\funpack3_4\try\one2\board" -I"F:\ku\MCUXpresso\program\ying_he\funpack3_4\try\one2\drivers" -I"F:\ku\MCUXpresso\program\ying_he\funpack3_4\try\one2\device" -I"F:\ku\MCUXpresso\program\ying_he\funpack3_4\try\one2\utilities" -I"F:\ku\MCUXpresso\program\ying_he\funpack3_4\try\one2\CMSIS" -I"F:\ku\MCUXpresso\program\ying_he\funpack3_4\try\one2\startup" -I"F:\ku\MCUXpresso\program\ying_he\funpack3_4\try\one2\lwip\port" -I"F:\ku\MCUXpresso\program\ying_he\funpack3_4\try\one2\lwip\src" -I"F:\ku\MCUXpresso\program\ying_he\funpack3_4\try\one2\lwip\src\include" -I"F:\ku\MCUXpresso\program\ying_he\funpack3_4\try\one2\lwip\template" -I"F:\ku\MCUXpresso\program\ying_he\funpack3_4\try\one2\source" -I"F:\ku\MCUXpresso\program\ying_he\funpack3_4\try\one\HARDWARE" -O0 -fno-common -g3 -gdwarf-4 -Wall -c -ffunction-sections -fdata-sections -ffreestanding -fno-builtin -fmerge-constants -fmacro-prefix-map="../source/"= -mcpu=cortex-m33 -mfpu=fpv5-sp-d16 -mfloat-abi=hard -mthumb -D__REDLIB__ -fstack-usage -specs=redlib.specs -MMD -MP -MF"source/semihost_hardfault.d" -MT"source/semihost_hardfault.o" -MT"source/semihost_hardfault.d" -o "source/semihost_hardfault.o" "../source/semihost_hardfault.c"
Invoking: MCU C Compiler
arm-none-eabi-gcc -D__REDLIB__ -DCPU_MCXN947VDF -DCPU_MCXN947VDF_cm33 -DCPU_MCXN947VDF_cm33_core0 -DSDK_OS_BAREMETAL -DSERIAL_PORT_TYPE_UART=1 -DSDK_DEBUGCONSOLE=1 -DCR_INTEGER_PRINTF -DPRINTF_FLOAT_ENABLE=0 -D__MCUXPRESSO -D__USE_CMSIS -DDEBUG -DLWIP_DISABLE_PBUF_POOL_SIZE_SANITY_CHECKS=1 -I"F:\ku\MCUXpresso\program\ying_he\funpack3_4\try\one2\board" -I"F:\ku\MCUXpresso\program\ying_he\funpack3_4\try\one2\drivers" -I"F:\ku\MCUXpresso\program\ying_he\funpack3_4\try\one2\device" -I"F:\ku\MCUXpresso\program\ying_he\funpack3_4\try\one2\utilities" -I"F:\ku\MCUXpresso\program\ying_he\funpack3_4\try\one2\CMSIS" -I"F:\ku\MCUXpresso\program\ying_he\funpack3_4\try\one2\startup" -I"F:\ku\MCUXpresso\program\ying_he\funpack3_4\try\one2\lwip\port" -I"F:\ku\MCUXpresso\program\ying_he\funpack3_4\try\one2\lwip\src" -I"F:\ku\MCUXpresso\program\ying_he\funpack3_4\try\one2\lwip\src\include" -I"F:\ku\MCUXpresso\program\ying_he\funpack3_4\try\one2\lwip\template" -I"F:\ku\MCUXpresso\program\ying_he\funpack3_4\try\one2\source" -I"F:\ku\MCUXpresso\program\ying_he\funpack3_4\try\one\HARDWARE" -O0 -fno-common -g3 -gdwarf-4 -Wall -c -ffunction-sections -fdata-sections -ffreestanding -fno-builtin -fmerge-constants -fmacro-prefix-map="../lwip/src/netif/ppp/"= -mcpu=cortex-m33 -mfpu=fpv5-sp-d16 -mfloat-abi=hard -mthumb -D__REDLIB__ -fstack-usage -specs=redlib.specs -MMD -MP -MF"lwip/src/netif/ppp/auth.d" -MT"lwip/src/netif/ppp/auth.o" -MT"lwip/src/netif/ppp/auth.d" -o "lwip/src/netif/ppp/auth.o" "../lwip/src/netif/ppp/auth.c"
Invoking: MCU C Compiler
Building file: ../lwip/src/netif/ppp/chap-md5.c
Building file: ../lwip/src/netif/ppp/chap-new.c
arm-none-eabi-gcc -D__REDLIB__ -DCPU_MCXN947VDF -DCPU_MCXN947VDF_cm33 -DCPU_MCXN947VDF_cm33_core0 -DSDK_OS_BAREMETAL -DSERIAL_PORT_TYPE_UART=1 -DSDK_DEBUGCONSOLE=1 -DCR_INTEGER_PRINTF -DPRINTF_FLOAT_ENABLE=0 -D__MCUXPRESSO -D__USE_CMSIS -DDEBUG -DLWIP_DISABLE_PBUF_POOL_SIZE_SANITY_CHECKS=1 -I"F:\ku\MCUXpresso\program\ying_he\funpack3_4\try\one2\board" -I"F:\ku\MCUXpresso\program\ying_he\funpack3_4\try\one2\drivers" -I"F:\ku\MCUXpresso\program\ying_he\funpack3_4\try\one2\device" -I"F:\ku\MCUXpresso\program\ying_he\funpack3_4\try\one2\utilities" -I"F:\ku\MCUXpresso\program\ying_he\funpack3_4\try\one2\CMSIS" -I"F:\ku\MCUXpresso\program\ying_he\funpack3_4\try\one2\startup" -I"F:\ku\MCUXpresso\program\ying_he\funpack3_4\try\one2\lwip\port" -I"F:\ku\MCUXpresso\program\ying_he\funpack3_4\try\one2\lwip\src" -I"F:\ku\MCUXpresso\program\ying_he\funpack3_4\try\one2\lwip\src\include" -I"F:\ku\MCUXpresso\program\ying_he\funpack3_4\try\one2\lwip\template" -I"F:\ku\MCUXpresso\program\ying_he\funpack3_4\try\one2\source" -I"F:\ku\MCUXpresso\program\ying_he\funpack3_4\try\one\HARDWARE" -O0 -fno-common -g3 -gdwarf-4 -Wall -c -ffunction-sections -fdata-sections -ffreestanding -fno-builtin -fmerge-constants -fmacro-prefix-map="../lwip/src/netif/ppp/"= -mcpu=cortex-m33 -mfpu=fpv5-sp-d16 -mfloat-abi=hard -mthumb -D__REDLIB__ -fstack-usage -specs=redlib.specs -MMD -MP -MF"lwip/src/netif/ppp/ccp.d" -MT"lwip/src/netif/ppp/ccp.o" -MT"lwip/src/netif/ppp/ccp.d" -o "lwip/src/netif/ppp/ccp.o" "../lwip/src/netif/ppp/ccp.c"
Building file: ../lwip/src/netif/ppp/chap_ms.c
Invoking: MCU C Compiler
arm-none-eabi-gcc -D__REDLIB__ -DCPU_MCXN947VDF -DCPU_MCXN947VDF_cm33 -DCPU_MCXN947VDF_cm33_core0 -DSDK_OS_BAREMETAL -DSERIAL_PORT_TYPE_UART=1 -DSDK_DEBUGCONSOLE=1 -DCR_INTEGER_PRINTF -DPRINTF_FLOAT_ENABLE=0 -D__MCUXPRESSO -D__USE_CMSIS -DDEBUG -DLWIP_DISABLE_PBUF_POOL_SIZE_SANITY_CHECKS=1 -I"F:\ku\MCUXpresso\program\ying_he\funpack3_4\try\one2\board" -I"F:\ku\MCUXpresso\program\ying_he\funpack3_4\try\one2\drivers" -I"F:\ku\MCUXpresso\program\ying_he\funpack3_4\try\one2\device" -I"F:\ku\MCUXpresso\program\ying_he\funpack3_4\try\one2\utilities" -I"F:\ku\MCUXpresso\program\ying_he\funpack3_4\try\one2\CMSIS" -I"F:\ku\MCUXpresso\program\ying_he\funpack3_4\try\one2\startup" -I"F:\ku\MCUXpresso\program\ying_he\funpack3_4\try\one2\lwip\port" -I"F:\ku\MCUXpresso\program\ying_he\funpack3_4\try\one2\lwip\src" -I"F:\ku\MCUXpresso\program\ying_he\funpack3_4\try\one2\lwip\src\include" -I"F:\ku\MCUXpresso\program\ying_he\funpack3_4\try\one2\lwip\template" -I"F:\ku\MCUXpresso\program\ying_he\funpack3_4\try\one2\source" -I"F:\ku\MCUXpresso\program\ying_he\funpack3_4\try\one\HARDWARE" -O0 -fno-common -g3 -gdwarf-4 -Wall -c -ffunction-sections -fdata-sections -ffreestanding -fno-builtin -fmerge-constants -fmacro-prefix-map="../lwip/src/netif/ppp/"= -mcpu=cortex-m33 -mfpu=fpv5-sp-d16 -mfloat-abi=hard -mthumb -D__REDLIB__ -fstack-usage -specs=redlib.specs -MMD -MP -MF"lwip/src/netif/ppp/chap-md5.d" -MT"lwip/src/netif/ppp/chap-md5.o" -MT"lwip/src/netif/ppp/chap-md5.d" -o "lwip/src/netif/ppp/chap-md5.o" "../lwip/src/netif/ppp/chap-md5.c"
Invoking: MCU C Compiler
arm-none-eabi-gcc -D__REDLIB__ -DCPU_MCXN947VDF -DCPU_MCXN947VDF_cm33 -DCPU_MCXN947VDF_cm33_core0 -DSDK_OS_BAREMETAL -DSERIAL_PORT_TYPE_UART=1 -DSDK_DEBUGCONSOLE=1 -DCR_INTEGER_PRINTF -DPRINTF_FLOAT_ENABLE=0 -D__MCUXPRESSO -D__USE_CMSIS -DDEBUG -DLWIP_DISABLE_PBUF_POOL_SIZE_SANITY_CHECKS=1 -I"F:\ku\MCUXpresso\program\ying_he\funpack3_4\try\one2\board" -I"F:\ku\MCUXpresso\program\ying_he\funpack3_4\try\one2\drivers" -I"F:\ku\MCUXpresso\program\ying_he\funpack3_4\try\one2\device" -I"F:\ku\MCUXpresso\program\ying_he\funpack3_4\try\one2\utilities" -I"F:\ku\MCUXpresso\program\ying_he\funpack3_4\try\one2\CMSIS" -I"F:\ku\MCUXpresso\program\ying_he\funpack3_4\try\one2\startup" -I"F:\ku\MCUXpresso\program\ying_he\funpack3_4\try\one2\lwip\port" -I"F:\ku\MCUXpresso\program\ying_he\funpack3_4\try\one2\lwip\src" -I"F:\ku\MCUXpresso\program\ying_he\funpack3_4\try\one2\lwip\src\include" -I"F:\ku\MCUXpresso\program\ying_he\funpack3_4\try\one2\lwip\template" -I"F:\ku\MCUXpresso\program\ying_he\funpack3_4\try\one2\source" -I"F:\ku\MCUXpresso\program\ying_he\funpack3_4\try\one\HARDWARE" -O0 -fno-common -g3 -gdwarf-4 -Wall -c -ffunction-sections -fdata-sections -ffreestanding -fno-builtin -fmerge-constants -fmacro-prefix-map="../lwip/src/netif/ppp/"= -mcpu=cortex-m33 -mfpu=fpv5-sp-d16 -mfloat-abi=hard -mthumb -D__REDLIB__ -fstack-usage -specs=redlib.specs -MMD -MP -MF"lwip/src/netif/ppp/chap-new.d" -MT"lwip/src/netif/ppp/chap-new.o" -MT"lwip/src/netif/ppp/chap-new.d" -o "lwip/src/netif/ppp/chap-new.o" "../lwip/src/netif/ppp/chap-new.c"
Invoking: MCU C Compiler
arm-none-eabi-gcc -D__REDLIB__ -DCPU_MCXN947VDF -DCPU_MCXN947VDF_cm33 -DCPU_MCXN947VDF_cm33_core0 -DSDK_OS_BAREMETAL -DSERIAL_PORT_TYPE_UART=1 -DSDK_DEBUGCONSOLE=1 -DCR_INTEGER_PRINTF -DPRINTF_FLOAT_ENABLE=0 -D__MCUXPRESSO -D__USE_CMSIS -DDEBUG -DLWIP_DISABLE_PBUF_POOL_SIZE_SANITY_CHECKS=1 -I"F:\ku\MCUXpresso\program\ying_he\funpack3_4\try\one2\board" -I"F:\ku\MCUXpresso\program\ying_he\funpack3_4\try\one2\drivers" -I"F:\ku\MCUXpresso\program\ying_he\funpack3_4\try\one2\device" -I"F:\ku\MCUXpresso\program\ying_he\funpack3_4\try\one2\utilities" -I"F:\ku\MCUXpresso\program\ying_he\funpack3_4\try\one2\CMSIS" -I"F:\ku\MCUXpresso\program\ying_he\funpack3_4\try\one2\startup" -I"F:\ku\MCUXpresso\program\ying_he\funpack3_4\try\one2\lwip\port" -I"F:\ku\MCUXpresso\program\ying_he\funpack3_4\try\one2\lwip\src" -I"F:\ku\MCUXpresso\program\ying_he\funpack3_4\try\one2\lwip\src\include" -I"F:\ku\MCUXpresso\program\ying_he\funpack3_4\try\one2\lwip\template" -I"F:\ku\MCUXpresso\program\ying_he\funpack3_4\try\one2\source" -I"F:\ku\MCUXpresso\program\ying_he\funpack3_4\try\one\HARDWARE" -O0 -fno-common -g3 -gdwarf-4 -Wall -c -ffunction-sections -fdata-sections -ffreestanding -fno-builtin -fmerge-constants -fmacro-prefix-map="../lwip/src/netif/ppp/"= -mcpu=cortex-m33 -mfpu=fpv5-sp-d16 -mfloat-abi=hard -mthumb -D__REDLIB__ -fstack-usage -specs=redlib.specs -MMD -MP -MF"lwip/src/netif/ppp/chap_ms.d" -MT"lwip/src/netif/ppp/chap_ms.o" -MT"lwip/src/netif/ppp/chap_ms.d" -o "lwip/src/netif/ppp/chap_ms.o" "../lwip/src/netif/ppp/chap_ms.c"
In file included from ../utilities/fsl_assert.c:11:
../utilities/fsl_debug_console.h:26:10: fatal error: fsl_component_serial_manager.h: No such file or directory
   26 | #include "fsl_component_serial_manager.h"
      |          ^~~~~~~~~~~~~~~~~~~~~~~~~~~~~~~~
compilation terminated.
../utilities/fsl_debug_console.c:48:10: fatal error: fsl_component_serial_manager.h: No such file or directory
   48 | #include "fsl_component_serial_manager.h"
      |          ^~~~~~~~~~~~~~~~~~~~~~~~~~~~~~~~
compilation terminated.
Building file: ../lwip/src/netif/ppp/demand.c
Finished building: ../startup/boot_multicore_slave.c
make[1]: *** [utilities/subdir.mk:26: utilities/fsl_assert.o] Error 1
make[1]: *** Waiting for unfinished jobs....
make[1]: *** [utilities/subdir.mk:26: utilities/fsl_debug_console.o] Error 1
Building file: ../lwip/src/netif/ppp/eap.c
Invoking: MCU C Compiler
arm-none-eabi-gcc -D__REDLIB__ -DCPU_MCXN947VDF -DCPU_MCXN947VDF_cm33 -DCPU_MCXN947VDF_cm33_core0 -DSDK_OS_BAREMETAL -DSERIAL_PORT_TYPE_UART=1 -DSDK_DEBUGCONSOLE=1 -DCR_INTEGER_PRINTF -DPRINTF_FLOAT_ENABLE=0 -D__MCUXPRESSO -D__USE_CMSIS -DDEBUG -DLWIP_DISABLE_PBUF_POOL_SIZE_SANITY_CHECKS=1 -I"F:\ku\MCUXpresso\program\ying_he\funpack3_4\try\one2\board" -I"F:\ku\MCUXpresso\program\ying_he\funpack3_4\try\one2\drivers" -I"F:\ku\MCUXpresso\program\ying_he\funpack3_4\try\one2\device" -I"F:\ku\MCUXpresso\program\ying_he\funpack3_4\try\one2\utilities" -I"F:\ku\MCUXpresso\program\ying_he\funpack3_4\try\one2\CMSIS" -I"F:\ku\MCUXpresso\program\ying_he\funpack3_4\try\one2\startup" -I"F:\ku\MCUXpresso\program\ying_he\funpack3_4\try\one2\lwip\port" -I"F:\ku\MCUXpresso\program\ying_he\funpack3_4\try\one2\lwip\src" -I"F:\ku\MCUXpresso\program\ying_he\funpack3_4\try\one2\lwip\src\include" -I"F:\ku\MCUXpresso\program\ying_he\funpack3_4\try\one2\lwip\template" -I"F:\ku\MCUXpresso\program\ying_he\funpack3_4\try\one2\source" -I"F:\ku\MCUXpresso\program\ying_he\funpack3_4\try\one\HARDWARE" -O0 -fno-common -g3 -gdwarf-4 -Wall -c -ffunction-sections -fdata-sections -ffreestanding -fno-builtin -fmerge-constants -fmacro-prefix-map="../lwip/src/netif/ppp/"= -mcpu=cortex-m33 -mfpu=fpv5-sp-d16 -mfloat-abi=hard -mthumb -D__REDLIB__ -fstack-usage -specs=redlib.specs -MMD -MP -MF"lwip/src/netif/ppp/demand.d" -MT"lwip/src/netif/ppp/demand.o" -MT"lwip/src/netif/ppp/demand.d" -o "lwip/src/netif/ppp/demand.o" "../lwip/src/netif/ppp/demand.c"
Invoking: MCU C Compiler
 
arm-none-eabi-gcc -D__REDLIB__ -DCPU_MCXN947VDF -DCPU_MCXN947VDF_cm33 -DCPU_MCXN947VDF_cm33_core0 -DSDK_OS_BAREMETAL -DSERIAL_PORT_TYPE_UART=1 -DSDK_DEBUGCONSOLE=1 -DCR_INTEGER_PRINTF -DPRINTF_FLOAT_ENABLE=0 -D__MCUXPRESSO -D__USE_CMSIS -DDEBUG -DLWIP_DISABLE_PBUF_POOL_SIZE_SANITY_CHECKS=1 -I"F:\ku\MCUXpresso\program\ying_he\funpack3_4\try\one2\board" -I"F:\ku\MCUXpresso\program\ying_he\funpack3_4\try\one2\drivers" -I"F:\ku\MCUXpresso\program\ying_he\funpack3_4\try\one2\device" -I"F:\ku\MCUXpresso\program\ying_he\funpack3_4\try\one2\utilities" -I"F:\ku\MCUXpresso\program\ying_he\funpack3_4\try\one2\CMSIS" -I"F:\ku\MCUXpresso\program\ying_he\funpack3_4\try\one2\startup" -I"F:\ku\MCUXpresso\program\ying_he\funpack3_4\try\one2\lwip\port" -I"F:\ku\MCUXpresso\program\ying_he\funpack3_4\try\one2\lwip\src" -I"F:\ku\MCUXpresso\program\ying_he\funpack3_4\try\one2\lwip\src\include" -I"F:\ku\MCUXpresso\program\ying_he\funpack3_4\try\one2\lwip\template" -I"F:\ku\MCUXpresso\program\ying_he\funpack3_4\try\one2\source" -I"F:\ku\MCUXpresso\program\ying_he\funpack3_4\try\one\HARDWARE" -O0 -fno-common -g3 -gdwarf-4 -Wall -c -ffunction-sections -fdata-sections -ffreestanding -fno-builtin -fmerge-constants -fmacro-prefix-map="../lwip/src/netif/ppp/"= -mcpu=cortex-m33 -mfpu=fpv5-sp-d16 -mfloat-abi=hard -mthumb -D__REDLIB__ -fstack-usage -specs=redlib.specs -MMD -MP -MF"lwip/src/netif/ppp/eap.d" -MT"lwip/src/netif/ppp/eap.o" -MT"lwip/src/netif/ppp/eap.d" -o "lwip/src/netif/ppp/eap.o" "../lwip/src/netif/ppp/eap.c"
Finished building: ../source/semihost_hardfault.c
 
In file included from F:\ku\MCUXpresso\program\ying_he\funpack3_4\try\one2\lwip\port/arch/cc.h:120,
                 from F:\ku\MCUXpresso\program\ying_he\funpack3_4\try\one2\lwip\src\include/lwip/arch.h:48,
                 from F:\ku\MCUXpresso\program\ying_he\funpack3_4\try\one2\lwip\src\include/lwip/debug.h:40,
                 from F:\ku\MCUXpresso\program\ying_he\funpack3_4\try\one2\lwip\src\include/lwip/opt.h:52,
                 from F:\ku\MCUXpresso\program\ying_he\funpack3_4\try\one2\lwip\src\include/netif/ppp/ppp_opts.h:31,
                 from ../lwip/src/netif/ppp/ccp.c:31:
F:\ku\MCUXpresso\program\ying_he\funpack3_4\try\one2\utilities/fsl_debug_console.h:26:10: fatal error: fsl_component_serial_manager.h: No such file or directory
   26 | #include "fsl_component_serial_manager.h"
      |          ^~~~~~~~~~~~~~~~~~~~~~~~~~~~~~~~
compilation terminated.
In file included from F:\ku\MCUXpresso\program\ying_he\funpack3_4\try\one2\lwip\port/arch/cc.h:120,
                 from F:\ku\MCUXpresso\program\ying_he\funpack3_4\try\one2\lwip\src\include/lwip/arch.h:48,
                 from F:\ku\MCUXpresso\program\ying_he\funpack3_4\try\one2\lwip\src\include/lwip/debug.h:40,
                 from F:\ku\MCUXpresso\program\ying_he\funpack3_4\try\one2\lwip\src\include/lwip/opt.h:52,
                 from F:\ku\MCUXpresso\program\ying_he\funpack3_4\try\one2\lwip\src\include/netif/ppp/ppp_opts.h:31,
                 from ../lwip/src/netif/ppp/auth.c:71:
F:\ku\MCUXpresso\program\ying_he\funpack3_4\try\one2\utilities/fsl_debug_console.h:26:10: fatal error: fsl_component_serial_manager.h: No such file or directory
   26 | #include "fsl_component_serial_manager.h"
      |          ^~~~~~~~~~~~~~~~~~~~~~~~~~~~~~~~
compilation terminated.
In file included from ../source/one.c:18:
F:\ku\MCUXpresso\program\ying_he\funpack3_4\try\one2\utilities/fsl_debug_console.h:26:10: fatal error: fsl_component_serial_manager.h: No such file or directory
   26 | #include "fsl_component_serial_manager.h"
      |          ^~~~~~~~~~~~~~~~~~~~~~~~~~~~~~~~
compilation terminated.
Finished building: ../startup/startup_mcxn947_cm33_core0.c
make[1]: *** [source/subdir.mk:21: source/one.o] Error 1
make[1]: *** [lwip/src/netif/ppp/subdir.mk:92: lwip/src/netif/ppp/auth.o] Error 1
make[1]: *** [lwip/src/netif/ppp/subdir.mk:92: lwip/src/netif/ppp/ccp.o] Error 1
 
In file included from F:\ku\MCUXpresso\program\ying_he\funpack3_4\try\one2\lwip\port/arch/cc.h:120,
                 from F:\ku\MCUXpresso\program\ying_he\funpack3_4\try\one2\lwip\src\include/lwip/arch.h:48,
                 from F:\ku\MCUXpresso\program\ying_he\funpack3_4\try\one2\lwip\src\include/lwip/debug.h:40,
                 from F:\ku\MCUXpresso\program\ying_he\funpack3_4\try\one2\lwip\src\include/lwip/opt.h:52,
                 from F:\ku\MCUXpresso\program\ying_he\funpack3_4\try\one2\lwip\src\include/netif/ppp/ppp_opts.h:31,
                 from ../lwip/src/netif/ppp/chap-md5.c:31:
F:\ku\MCUXpresso\program\ying_he\funpack3_4\try\one2\utilities/fsl_debug_console.h:26:10: fatal error: fsl_component_serial_manager.h: No such file or directory
   26 | #include "fsl_component_serial_manager.h"
      |          ^~~~~~~~~~~~~~~~~~~~~~~~~~~~~~~~
compilation terminated.
make[1]: *** [lwip/src/netif/ppp/subdir.mk:92: lwip/src/netif/ppp/chap-md5.o] Error 1
In file included from F:\ku\MCUXpresso\program\ying_he\funpack3_4\try\one2\lwip\port/arch/cc.h:120,
                 from F:\ku\MCUXpresso\program\ying_he\funpack3_4\try\one2\lwip\src\include/lwip/arch.h:48,
                 from F:\ku\MCUXpresso\program\ying_he\funpack3_4\try\one2\lwip\src\include/lwip/debug.h:40,
                 from F:\ku\MCUXpresso\program\ying_he\funpack3_4\try\one2\lwip\src\include/lwip/opt.h:52,
                 from F:\ku\MCUXpresso\program\ying_he\funpack3_4\try\one2\lwip\src\include/netif/ppp/ppp_opts.h:31,
                 from ../lwip/src/netif/ppp/chap-new.c:31:
F:\ku\MCUXpresso\program\ying_he\funpack3_4\try\one2\utilities/fsl_debug_console.h:26:10: fatal error: fsl_component_serial_manager.h: No such file or directory
   26 | #include "fsl_component_serial_manager.h"
      |          ^~~~~~~~~~~~~~~~~~~~~~~~~~~~~~~~
compilation terminated.
In file included from F:\ku\MCUXpresso\program\ying_he\funpack3_4\try\one2\lwip\port/arch/cc.h:120,
                 from F:\ku\MCUXpresso\program\ying_he\funpack3_4\try\one2\lwip\src\include/lwip/arch.h:48,
                 from F:\ku\MCUXpresso\program\ying_he\funpack3_4\try\one2\lwip\src\include/lwip/debug.h:40,
                 from F:\ku\MCUXpresso\program\ying_he\funpack3_4\try\one2\lwip\src\include/lwip/opt.h:52,
                 from F:\ku\MCUXpresso\program\ying_he\funpack3_4\try\one2\lwip\src\include/netif/ppp/ppp_opts.h:31,
                 from ../lwip/src/netif/ppp/chap_ms.c:77:
F:\ku\MCUXpresso\program\ying_he\funpack3_4\try\one2\utilities/fsl_debug_console.h:26:10: fatal error: fsl_component_serial_manager.h: No such file or directory
   26 | #include "fsl_component_serial_manager.h"
      |          ^~~~~~~~~~~~~~~~~~~~~~~~~~~~~~~~
compilation terminated.
make[1]: *** [lwip/src/netif/ppp/subdir.mk:92: lwip/src/netif/ppp/chap-new.o] Error 1
make[1]: *** [lwip/src/netif/ppp/subdir.mk:92: lwip/src/netif/ppp/chap_ms.o] Error 1
In file included from F:\ku\MCUXpresso\program\ying_he\funpack3_4\try\one2\lwip\port/arch/cc.h:120,
                 from F:\ku\MCUXpresso\program\ying_he\funpack3_4\try\one2\lwip\src\include/lwip/arch.h:48,
                 from F:\ku\MCUXpresso\program\ying_he\funpack3_4\try\one2\lwip\src\include/lwip/debug.h:40,
                 from F:\ku\MCUXpresso\program\ying_he\funpack3_4\try\one2\lwip\src\include/lwip/opt.h:52,
                 from F:\ku\MCUXpresso\program\ying_he\funpack3_4\try\one2\lwip\src\include/netif/ppp/ppp_opts.h:31,
                 from ../lwip/src/netif/ppp/eap.c:46:
F:\ku\MCUXpresso\program\ying_he\funpack3_4\try\one2\utilities/fsl_debug_console.h:26:10: fatal error: fsl_component_serial_manager.h: No such file or directory
   26 | #include "fsl_component_serial_manager.h"
      |          ^~~~~~~~~~~~~~~~~~~~~~~~~~~~~~~~
compilation terminated.
In file included from F:\ku\MCUXpresso\program\ying_he\funpack3_4\try\one2\lwip\port/arch/cc.h:120,
                 from F:\ku\MCUXpresso\program\ying_he\funpack3_4\try\one2\lwip\src\include/lwip/arch.h:48,
                 from F:\ku\MCUXpresso\program\ying_he\funpack3_4\try\one2\lwip\src\include/lwip/debug.h:40,
                 from F:\ku\MCUXpresso\program\ying_he\funpack3_4\try\one2\lwip\src\include/lwip/opt.h:52,
                 from F:\ku\MCUXpresso\program\ying_he\funpack3_4\try\one2\lwip\src\include/netif/ppp/ppp_opts.h:31,
                 from ../lwip/src/netif/ppp/demand.c:31:
F:\ku\MCUXpresso\program\ying_he\funpack3_4\try\one2\utilities/fsl_debug_console.h:26:10: fatal error: fsl_component_serial_manager.h: No such file or directory
   26 | #include "fsl_component_serial_manager.h"
      |          ^~~~~~~~~~~~~~~~~~~~~~~~~~~~~~~~
compilation terminated.
make[1]: *** [lwip/src/netif/ppp/subdir.mk:92: lwip/src/netif/ppp/eap.o] Error 1
make[1]: *** [lwip/src/netif/ppp/subdir.mk:92: lwip/src/netif/ppp/demand.o] Error 1
Finished building: ../utilities/fsl_str.c
 
make: *** [makefile:53: all] Error 2
"make -r -j16 all" terminated with exit code 2. Build might be incomplete.

16:23:44 Build Failed. 22 errors, 0 warnings. (took 732ms)

